npm WARN config global `--global`, `--local` are deprecated. Use `--location=global` instead.
info @storybook/react v6.5.10
info 
info => Cleaning outputDir: C:\Users\lucas\AppData\Local\Temp\chromatic--23280-dEv6YTJJj2GM
info => Loading presets
info => Compiling manager..
info => Compiling preview..
info Addon-docs: using MDX1
info => Using implicit CSS loaders
WARN Storybook support for Create React App is now a separate preset.
WARN To use the new preset, install `@storybook/preset-create-react-app` and add it to the list of `addons` in your `.storybook/main.js` config file.
WARN The built-in preset has been disabled in Storybook 6.0.
info => Using default Webpack5 setup
<s> [webpack.Progress] 0% 

<s> [webpack.Progress] 1% setup before run
<s> [webpack.Progress] 1% setup before run NodeEnvironmentPlugin
<s> [webpack.Progress] 1% setup before run
<s> [webpack.Progress] 2% setup run
<s> [webpack.Progress] 2% setup run
<s> [webpack.Progress] 4% setup normal module factory
<s> [webpack.Progress] 4% setup normal module factory CaseSensitivePathsPlugin
<s> [webpack.Progress] 4% setup normal module factory
<s> [webpack.Progress] 5% setup context module factory
<s> [webpack.Progress] 5% setup context module factory
<s> [webpack.Progress] 6% setup before compile
<s> [webpack.Progress] 6% setup before compile ProgressPlugin
<s> [webpack.Progress] 6% setup before compile
<s> [webpack.Progress] 7% setup compile
<s> [webpack.Progress] 7% setup compile ExternalsPlugin
<s> [webpack.Progress] 7% setup compile
<s> [webpack.Progress] 8% setup compilation
<s> [webpack.Progress] 8% setup compilation ArrayPushCallbackChunkFormatPlugin
<s> [webpack.Progress] 8% setup compilation JsonpChunkLoadingPlugin
<s> [webpack.Progress] 8% setup compilation StartupChunkDependenciesPlugin
<s> [webpack.Progress] 8% setup compilation ImportScriptsChunkLoadingPlugin
<s> [webpack.Progress] 8% setup compilation FetchCompileWasmPlugin
<s> [webpack.Progress] 8% setup compilation FetchCompileAsyncWasmPlugin
<s> [webpack.Progress] 8% setup compilation WorkerPlugin
<s> [webpack.Progress] 8% setup compilation SplitChunksPlugin
<s> [webpack.Progress] 8% setup compilation RuntimeChunkPlugin
<s> [webpack.Progress] 8% setup compilation ResolverCachePlugin
<s> [webpack.Progress] 8% setup compilation HtmlWebpackPlugin
<s> [webpack.Progress] 8% setup compilation
<s> [webpack.Progress] 9% setup compilation
<s> [webpack.Progress] 9% setup compilation DefinePlugin
<s> [webpack.Progress] 9% setup compilation ProvidePlugin
<s> [webpack.Progress] 9% setup compilation ProgressPlugin
<s> [webpack.Progress] 9% setup compilation DocGenPlugin
<s> [webpack.Progress] 9% setup compilation ChunkPrefetchPreloadPlugin
<s> [webpack.Progress] 9% setup compilation SourceMapDevToolPlugin
<s> [webpack.Progress] 9% setup compilation JavascriptModulesPlugin
<s> [webpack.Progress] 9% setup compilation JsonModulesPlugin
<s> [webpack.Progress] 9% setup compilation AssetModulesPlugin
<s> [webpack.Progress] 9% setup compilation EntryPlugin
<s> [webpack.Progress] 9% setup compilation EntryPlugin
<s> [webpack.Progress] 9% setup compilation EntryPlugin
<s> [webpack.Progress] 9% setup compilation EntryPlugin
<s> [webpack.Progress] 9% setup compilation EntryPlugin
<s> [webpack.Progress] 9% setup compilation EntryPlugin
<s> [webpack.Progress] 9% setup compilation EntryPlugin
<s> [webpack.Progress] 9% setup compilation EntryPlugin
<s> [webpack.Progress] 9% setup compilation EntryPlugin
<s> [webpack.Progress] 9% setup compilation EntryPlugin
<s> [webpack.Progress] 9% setup compilation EntryPlugin
<s> [webpack.Progress] 9% setup compilation EntryPlugin
<s> [webpack.Progress] 9% setup compilation EntryPlugin
<s> [webpack.Progress] 9% setup compilation RuntimePlugin
<s> [webpack.Progress] 9% setup compilation InferAsyncModulesPlugin
<s> [webpack.Progress] 9% setup compilation DataUriPlugin
<s> [webpack.Progress] 9% setup compilation FileUriPlugin
<s> [webpack.Progress] 9% setup compilation CompatibilityPlugin
<s> [webpack.Progress] 9% setup compilation HarmonyModulesPlugin
<s> [webpack.Progress] 9% setup compilation AMDPlugin
<s> [webpack.Progress] 9% setup compilation RequireJsStuffPlugin
<s> [webpack.Progress] 9% setup compilation CommonJsPlugin
<s> [webpack.Progress] 9% setup compilation LoaderPlugin
<s> [webpack.Progress] 9% setup compilation LoaderPlugin
<s> [webpack.Progress] 9% setup compilation NodeStuffPlugin
<s> [webpack.Progress] 9% setup compilation APIPlugin
<s> [webpack.Progress] 9% setup compilation ExportsInfoApiPlugin
<s> [webpack.Progress] 9% setup compilation WebpackIsIncludedPlugin
<s> [webpack.Progress] 9% setup compilation ConstPlugin
<s> [webpack.Progress] 9% setup compilation UseStrictPlugin
<s> [webpack.Progress] 9% setup compilation RequireIncludePlugin
<s> [webpack.Progress] 9% setup compilation RequireEnsurePlugin
<s> [webpack.Progress] 9% setup compilation RequireContextPlugin
<s> [webpack.Progress] 9% setup compilation ImportPlugin
<s> [webpack.Progress] 9% setup compilation RequireContextPlugin
<s> [webpack.Progress] 9% setup compilation SystemPlugin
<s> [webpack.Progress] 9% setup compilation ImportMetaPlugin
<s> [webpack.Progress] 9% setup compilation URLPlugin
<s> [webpack.Progress] 9% setup compilation DefaultStatsFactoryPlugin
<s> [webpack.Progress] 9% setup compilation DefaultStatsPresetPlugin
<s> [webpack.Progress] 9% setup compilation DefaultStatsPrinterPlugin
<s> [webpack.Progress] 9% setup compilation JavascriptMetaInfoPlugin
<s> [webpack.Progress] 9% setup compilation EnsureChunkConditionsPlugin
<s> [webpack.Progress] 9% setup compilation RemoveEmptyChunksPlugin
<s> [webpack.Progress] 9% setup compilation MergeDuplicateChunksPlugin
<s> [webpack.Progress] 9% setup compilation FlagIncludedChunksPlugin
<s> [webpack.Progress] 9% setup compilation SideEffectsFlagPlugin
<s> [webpack.Progress] 9% setup compilation FlagDependencyExportsPlugin
<s> [webpack.Progress] 9% setup compilation FlagDependencyUsagePlugin
<s> [webpack.Progress] 9% setup compilation InnerGraphPlugin
<s> [webpack.Progress] 9% setup compilation MangleExportsPlugin
<s> [webpack.Progress] 9% setup compilation ModuleConcatenationPlugin
<s> [webpack.Progress] 9% setup compilation NoEmitOnErrorsPlugin
<s> [webpack.Progress] 9% setup compilation RealContentHashPlugin
<s> [webpack.Progress] 9% setup compilation WasmFinalizeExportsPlugin
<s> [webpack.Progress] 9% setup compilation NamedModuleIdsPlugin
<s> [webpack.Progress] 9% setup compilation DeterministicChunkIdsPlugin
<s> [webpack.Progress] 9% setup compilation DefinePlugin
<s> [webpack.Progress] 9% setup compilation TerserPlugin
<s> [webpack.Progress] 9% setup compilation TemplatedPathPlugin
<s> [webpack.Progress] 9% setup compilation RecordIdsPlugin
<s> [webpack.Progress] 9% setup compilation WarnCaseSensitiveModulesPlugin
<s> [webpack.Progress] 9% setup compilation IgnoreWarningsPlugin
<s> [webpack.Progress] 9% setup compilation
<s> [webpack.Progress] 10% building
<s> [webpack.Progress] 10% building 0/1 entries 0/0 dependencies 0/0 modules
<s> [webpack.Progress] 10% building 0/13 entries 10/18 dependencies 0/9 modules
<s> [webpack.Progress] 10% building import loader ./node_modules/babel-loader/lib/index.js
<s> [webpack.Progress] 10% building 0/13 entries 18/29 dependencies 0/17 modules
<s> [webpack.Progress] 10% building 0/13 entries 19/29 dependencies 0/17 modules
<s> [webpack.Progress] 14% building 1/13 entries 32/95 dependencies 1/29 modules
<s> [webpack.Progress] 14% building import loader ./node_modules/@storybook/mdx1-csf/loader.js
<s> [webpack.Progress] 14% building 1/13 entries 51/127 dependencies 1/40 modules
<s> [webpack.Progress] 14% building import loader ./node_modules/@storybook/source-loader/dist/cjs/index.js
<s> [webpack.Progress] 14% building 1/13 entries 147/176 dependencies 2/114 modules
<s> [webpack.Progress] 14% building 1/13 entries 156/181 dependencies 6/119 modules
<s> [webpack.Progress] 18% building 2/13 entries 259/613 dependencies 9/169 modules
<s> [webpack.Progress] 18% building 2/13 entries 590/781 dependencies 11/266 modules
<s> [webpack.Progress] 18% building import loader ./node_modules/style-loader/dist/cjs.js
<s> [webpack.Progress] 18% building import loader ./node_modules/@storybook/builder-webpack5/node_modules/css-loader/dist/cjs.js
<s> [webpack.Progress] 18% building import loader ./node_modules/postcss-loader/dist/cjs.js
<s> [webpack.Progress] 18% building 2/13 entries 816/849 dependencies 17/337 modules
<s> [webpack.Progress] 18% building 2/13 entries 1081/1162 dependencies 40/366 modules
<s> [webpack.Progress] 18% building 2/13 entries 1265/1400 dependencies 65/416 modules
<s> [webpack.Progress] 18% building 2/13 entries 1445/1900 dependencies 78/454 modules
<s> [webpack.Progress] 18% building 2/13 entries 1599/2015 dependencies 83/600 modules
<s> [webpack.Progress] 18% building 2/13 entries 1800/2015 dependencies 84/748 modules
<s> [webpack.Progress] 18% building 2/13 entries 1999/2017 dependencies 90/800 modules
<s> [webpack.Progress] 18% building 2/13 entries 2252/2300 dependencies 196/825 modules
<s> [webpack.Progress] 18% building 2/13 entries 2400/2592 dependencies 212/849 modules
<s> [webpack.Progress] 18% building 2/13 entries 2638/2682 dependencies 219/900 modules
<s> [webpack.Progress] 18% building 2/13 entries 2785/2800 dependencies 221/945 modules
<s> [webpack.Progress] 18% building 2/13 entries 2849/2900 dependencies 222/997 modules
<s> [webpack.Progress] 18% building 2/13 entries 2990/2999 dependencies 223/1100 modules
<s> [webpack.Progress] 18% building 2/13 entries 3157/3200 dependencies 237/1189 modules
<s> [webpack.Progress] 18% building 2/13 entries 3400/3450 dependencies 295/1249 modules
<s> [webpack.Progress] 18% building 2/13 entries 3610/3700 dependencies 335/1313 modules
<s> [webpack.Progress] 18% building 2/13 entries 3700/3886 dependencies 344/1319 modules
<s> [webpack.Progress] 18% building 2/13 entries 3900/3949 dependencies 360/1357 modules
<s> [webpack.Progress] 18% building 2/13 entries 4004/4200 dependencies 367/1391 modules
<s> [webpack.Progress] 18% building 2/13 entries 4249/4300 dependencies 374/1464 modules
<s> [webpack.Progress] 18% building 2/13 entries 4775/4800 dependencies 389/1576 modules
<s> [webpack.Progress] 18% building 2/13 entries 5243/5300 dependencies 399/1671 modules
<s> [webpack.Progress] 18% building 2/13 entries 5281/5500 dependencies 408/1673 modules
<s> [webpack.Progress] 18% building 2/13 entries 5900/6024 dependencies 438/1795 modules
<s> [webpack.Progress] 18% building 2/13 entries 6104/6200 dependencies 471/1863 modules
<s> [webpack.Progress] 18% building 2/13 entries 6251/6295 dependencies 596/1900 modules
<s> [webpack.Progress] 18% building 2/13 entries 6360/6400 dependencies 695/1918 modules
<s> [webpack.Progress] 19% building 2/13 entries 6534/6600 dependencies 871/1929 modules
<s> [webpack.Progress] 22% building 2/13 entries 6686/6700 dependencies 1096/1930 modules
<s> [webpack.Progress] 22% building 2/13 entries 6688/6900 dependencies 1096/1930 modules
<s> [webpack.Progress] 22% building 2/13 entries 6700/6934 dependencies 1099/1934 modules
info => Manager built (2 min)
<s> [webpack.Progress] 22% building 2/13 entries 6800/6934 dependencies 1107/1968 modules
<s> [webpack.Progress] 25% building 2/13 entries 7100/7195 dependencies 1388/1986 modules
<s> [webpack.Progress] 26% building 2/13 entries 7200/7271 dependencies 1486/2008 modules
<s> [webpack.Progress] 27% building 2/13 entries 7477/7600 dependencies 1598/2082 modules
<s> [webpack.Progress] 30% building 2/13 entries 7956/8000 dependencies 1888/2189 modules
<s> [webpack.Progress] 30% building 2/13 entries 8010/8200 dependencies 1909/2199 modules
<s> [webpack.Progress] 32% building 2/13 entries 8398/8500 dependencies 2074/2322 modules
<s> [webpack.Progress] 35% building 3/13 entries 8914/8948 dependencies 2334/2455 modules
<s> [webpack.Progress] 35% building 4/13 entries 8914/8948 dependencies 2335/2455 modules
<s> [webpack.Progress] 35% building 5/13 entries 8914/8948 dependencies 2336/2455 modules
<s> [webpack.Progress] 35% building 6/13 entries 8914/8948 dependencies 2337/2455 modules
<s> [webpack.Progress] 39% building 7/13 entries 8914/8948 dependencies 2338/2455 modules
<s> [webpack.Progress] 43% building 8/13 entries 8914/8948 dependencies 2339/2455 modules
<s> [webpack.Progress] 48% building 9/13 entries 8914/8948 dependencies 2340/2455 modules
<s> [webpack.Progress] 52% building 10/13 entries 8914/8948 dependencies 2341/2455 modules
<s> [webpack.Progress] 56% building 11/13 entries 8914/8948 dependencies 2342/2455 modules
<s> [webpack.Progress] 60% building 12/13 entries 9084/9085 dependencies 2470/2495 modules
<s> [webpack.Progress] 65% building 13/13 entries 9105/9105 dependencies 2499/2499 modules
<s> [webpack.Progress] 65% building
<s> [webpack.Progress] 69% building finish
<s> [webpack.Progress] 69% building finish
<s> [webpack.Progress] 70% sealing finish module graph
<s> [webpack.Progress] 70% sealing finish module graph ResolverCachePlugin
<s> [webpack.Progress] 70% sealing finish module graph InferAsyncModulesPlugin
<s> [webpack.Progress] 70% sealing finish module graph FlagDependencyExportsPlugin
<s> [webpack.Progress] 70% sealing finish module graph InnerGraphPlugin
<s> [webpack.Progress] 70% sealing finish module graph WasmFinalizeExportsPlugin
<s> [webpack.Progress] 70% sealing finish module graph
<s> [webpack.Progress] 70% sealing plugins
<s> [webpack.Progress] 70% sealing plugins DocGenPlugin
DeprecationWarning: 'createIdentifier' has been deprecated since v4.0.0. Use the appropriate method on 'ts.factory' or the 'factory' supplied by your transformation context instead.
DeprecationWarning: '' has been deprecated since v4.0.0. Use the appropriate method on 'ts.factory' or the 'factory' supplied by your transformation context instead.
DeprecationWarning: 'createLiteral' has been deprecated since v4.0.0. Use `factory.createStringLiteral`, `factory.createStringLiteralFromNode`, `factory.createNumericLiteral`, `factory.createBigIntLiteral`, `factory.createTrue`, `factory.createFalse`, or the factory supplied by your transformation context instead.
DeprecationWarning: 'createBinaryExpression' has been deprecated since v4.0.0. Use the appropriate method on 'ts.factory' or the 'factory' supplied by your transformation context instead.
DeprecationWarning: 'createExpressionStatement' has been deprecated since v4.0.0. Use the appropriate method on 'ts.factory' or the 'factory' supplied by your transformation context instead.
DeprecationWarning: 'createPropertyAssignment' has been deprecated since v4.0.0. Use the appropriate method on 'ts.factory' or the 'factory' supplied by your transformation context instead.
DeprecationWarning: 'createObjectLiteralExpression' has been deprecated since v4.0.0. Use the appropriate method on 'ts.factory' or the 'factory' supplied by your transformation context instead.
DeprecationWarning: 'createExpressionStatement' has been deprecated since v4.0.0. Use the appropriate method on 'ts.factory' or the 'factory' supplied by your transformation context instead.
DeprecationWarning: 'createTypeOfExpression' has been deprecated since v4.0.0. Use the appropriate method on 'ts.factory' or the 'factory' supplied by your transformation context instead.
DeprecationWarning: 'createElementAccessExpression' has been deprecated since v4.0.0. Use the appropriate method on 'ts.factory' or the 'factory' supplied by your transformation context instead.
DeprecationWarning: 'createIfStatement' has been deprecated since v4.0.0. Use the appropriate method on 'ts.factory' or the 'factory' supplied by your transformation context instead.
DeprecationWarning: 'createBlock' has been deprecated since v4.0.0. Use the appropriate method on 'ts.factory' or the 'factory' supplied by your transformation context instead.
DeprecationWarning: 'createVariableDeclaration' has been deprecated since v4.0.0. Use the appropriate method on 'ts.factory' or the 'factory' supplied by your transformation context instead.
DeprecationWarning: 'createCatchClause' has been deprecated since v4.0.0. Use the appropriate method on 'ts.factory' or the 'factory' supplied by your transformation context instead.
DeprecationWarning: 'createTryStatement' has been deprecated since v4.0.0. Use the appropriate method on 'ts.factory' or the 'factory' supplied by your transformation context instead.
DeprecationWarning: 'createNull' has been deprecated since v4.0.0. Use the appropriate method on 'ts.factory' or the 'factory' supplied by your transformation context instead.
DeprecationWarning: 'createFalse' has been deprecated since v4.0.0. Use the appropriate method on 'ts.factory' or the 'factory' supplied by your transformation context instead.
DeprecationWarning: 'createArrayLiteralExpression' has been deprecated since v4.0.0. Use the appropriate method on 'ts.factory' or the 'factory' supplied by your transformation context instead.
DeprecationWarning: 'createTrue' has been deprecated since v4.0.0. Use the appropriate method on 'ts.factory' or the 'factory' supplied by your transformation context instead.
<s> [webpack.Progress] 70% sealing plugins WarnCaseSensitiveModulesPlugin
<s> [webpack.Progress] 70% sealing plugins
<s> [webpack.Progress] 71% sealing dependencies optimization
<s> [webpack.Progress] 71% sealing dependencies optimization SideEffectsFlagPlugin
<s> [webpack.Progress] 71% sealing dependencies optimization FlagDependencyUsagePlugin
<s> [webpack.Progress] 71% sealing dependencies optimization
<s> [webpack.Progress] 71% sealing after dependencies optimization
<s> [webpack.Progress] 71% sealing after dependencies optimization
<s> [webpack.Progress] 72% sealing chunk graph
<s> [webpack.Progress] 72% sealing chunk graph
<s> [webpack.Progress] 73% sealing after chunk graph
<s> [webpack.Progress] 73% sealing after chunk graph
<s> [webpack.Progress] 73% sealing optimizing
<s> [webpack.Progress] 73% sealing optimizing
<s> [webpack.Progress] 74% sealing module optimization
<s> [webpack.Progress] 74% sealing module optimization
<s> [webpack.Progress] 75% sealing after module optimization
<s> [webpack.Progress] 75% sealing after module optimization
<s> [webpack.Progress] 75% sealing chunk optimization
<s> [webpack.Progress] 75% sealing chunk optimization EnsureChunkConditionsPlugin
<s> [webpack.Progress] 75% sealing chunk optimization RemoveEmptyChunksPlugin
<s> [webpack.Progress] 75% sealing chunk optimization MergeDuplicateChunksPlugin
<s> [webpack.Progress] 75% sealing chunk optimization SplitChunksPlugin
<s> [webpack.Progress] 75% sealing chunk optimization RemoveEmptyChunksPlugin
<s> [webpack.Progress] 75% sealing chunk optimization
<s> [webpack.Progress] 76% sealing after chunk optimization
<s> [webpack.Progress] 76% sealing after chunk optimization
<s> [webpack.Progress] 77% sealing module and chunk tree optimization
<s> [webpack.Progress] 77% sealing module and chunk tree optimization PersistentChildCompilerSingletonPlugin
<s> [webpack.Progress] 77% sealing module and chunk tree optimization
<s> [webpack.Progress] 77% sealing after module and chunk tree optimization
<s> [webpack.Progress] 77% sealing after module and chunk tree optimization
<s> [webpack.Progress] 78% sealing chunk modules optimization
<s> [webpack.Progress] 78% sealing chunk modules optimization ModuleConcatenationPlugin
<s> [webpack.Progress] 78% sealing chunk modules optimization
<s> [webpack.Progress] 78% sealing after chunk modules optimization
<s> [webpack.Progress] 78% sealing after chunk modules optimization
<s> [webpack.Progress] 79% sealing module reviving
<s> [webpack.Progress] 79% sealing module reviving RecordIdsPlugin
<s> [webpack.Progress] 79% sealing module reviving
<s> [webpack.Progress] 80% sealing before module ids
<s> [webpack.Progress] 80% sealing before module ids
<s> [webpack.Progress] 80% sealing module ids
<s> [webpack.Progress] 80% sealing module ids NamedModuleIdsPlugin
<s> [webpack.Progress] 80% sealing module ids
<s> [webpack.Progress] 81% sealing module id optimization
<s> [webpack.Progress] 81% sealing module id optimization
<s> [webpack.Progress] 82% sealing module id optimization
<s> [webpack.Progress] 82% sealing module id optimization
<s> [webpack.Progress] 82% sealing chunk reviving
<s> [webpack.Progress] 82% sealing chunk reviving RecordIdsPlugin
<s> [webpack.Progress] 82% sealing chunk reviving
<s> [webpack.Progress] 83% sealing before chunk ids
<s> [webpack.Progress] 83% sealing before chunk ids
<s> [webpack.Progress] 84% sealing chunk ids
<s> [webpack.Progress] 84% sealing chunk ids DeterministicChunkIdsPlugin
<s> [webpack.Progress] 84% sealing chunk ids
<s> [webpack.Progress] 84% sealing chunk id optimization
<s> [webpack.Progress] 84% sealing chunk id optimization FlagIncludedChunksPlugin
<s> [webpack.Progress] 84% sealing chunk id optimization
<s> [webpack.Progress] 85% sealing after chunk id optimization
<s> [webpack.Progress] 85% sealing after chunk id optimization
<s> [webpack.Progress] 86% sealing record modules
<s> [webpack.Progress] 86% sealing record modules RecordIdsPlugin
<s> [webpack.Progress] 86% sealing record modules
<s> [webpack.Progress] 86% sealing record chunks
<s> [webpack.Progress] 86% sealing record chunks RecordIdsPlugin
<s> [webpack.Progress] 86% sealing record chunks
<s> [webpack.Progress] 87% sealing module hashing
<s> [webpack.Progress] 87% sealing module hashing
<s> [webpack.Progress] 87% sealing code generation
<s> [webpack.Progress] 87% sealing code generation
<s> [webpack.Progress] 88% sealing runtime requirements
<s> [webpack.Progress] 88% sealing runtime requirements
<s> [webpack.Progress] 89% sealing hashing
<s> [webpack.Progress] 89% sealing hashing
<s> [webpack.Progress] 89% sealing after hashing
<s> [webpack.Progress] 89% sealing after hashing
<s> [webpack.Progress] 90% sealing record hash
<s> [webpack.Progress] 90% sealing record hash
<s> [webpack.Progress] 91% sealing module assets processing
<s> [webpack.Progress] 91% sealing module assets processing
<s> [webpack.Progress] 91% sealing chunk assets processing
<s> [webpack.Progress] 91% sealing chunk assets processing
<s> [webpack.Progress] 92% sealing asset processing
<s> [webpack.Progress] 92% sealing asset processing PersistentChildCompilerSingletonPlugin
<s> [webpack.Progress] 92% sealing asset processing TerserPlugin
<s> [webpack.Progress] 92% sealing asset processing SourceMapDevToolPlugin
<s> [webpack.Progress] 92% sealing asset processing SourceMapDevToolPlugin
<s> [webpack.Progress] 92% sealing asset processing SourceMapDevToolPlugin main.5f101a67.iframe.bundle.js generate SourceMap
<s> [webpack.Progress] 92% sealing asset processing SourceMapDevToolPlugin main.5f101a67.iframe.bundle.js generated SourceMap
<s> [webpack.Progress] 92% sealing asset processing SourceMapDevToolPlugin runtime~main.9f28cd5f.iframe.bundle.js generate SourceMap
<s> [webpack.Progress] 92% sealing asset processing SourceMapDevToolPlugin runtime~main.9f28cd5f.iframe.bundle.js generated SourceMap
<s> [webpack.Progress] 92% sealing asset processing SourceMapDevToolPlugin 701.78480dc4.iframe.bundle.js generate SourceMap
<s> [webpack.Progress] 92% sealing asset processing SourceMapDevToolPlugin 701.78480dc4.iframe.bundle.js generated SourceMap
<s> [webpack.Progress] 92% sealing asset processing SourceMapDevToolPlugin 745.585a54f7.iframe.bundle.js generate SourceMap
<s> [webpack.Progress] 92% sealing asset processing SourceMapDevToolPlugin 745.585a54f7.iframe.bundle.js generated SourceMap
<s> [webpack.Progress] 92% sealing asset processing SourceMapDevToolPlugin 51.77fb1130.iframe.bundle.js generate SourceMap
<s> [webpack.Progress] 92% sealing asset processing SourceMapDevToolPlugin 51.77fb1130.iframe.bundle.js generated SourceMap
<s> [webpack.Progress] 92% sealing asset processing SourceMapDevToolPlugin 807.834bdcde.iframe.bundle.js generate SourceMap
<s> [webpack.Progress] 92% sealing asset processing SourceMapDevToolPlugin 807.834bdcde.iframe.bundle.js generated SourceMap
<s> [webpack.Progress] 92% sealing asset processing SourceMapDevToolPlugin 551.c9592ba4.iframe.bundle.js generate SourceMap
<s> [webpack.Progress] 92% sealing asset processing SourceMapDevToolPlugin 551.c9592ba4.iframe.bundle.js generated SourceMap
<s> [webpack.Progress] 92% sealing asset processing SourceMapDevToolPlugin 897.d75b70df.iframe.bundle.js generate SourceMap
<s> [webpack.Progress] 92% sealing asset processing SourceMapDevToolPlugin 897.d75b70df.iframe.bundle.js generated SourceMap
<s> [webpack.Progress] 92% sealing asset processing SourceMapDevToolPlugin 229.13c01b33.iframe.bundle.js generate SourceMap
<s> [webpack.Progress] 92% sealing asset processing SourceMapDevToolPlugin 229.13c01b33.iframe.bundle.js generated SourceMap
<s> [webpack.Progress] 92% sealing asset processing SourceMapDevToolPlugin 935.113eec21.iframe.bundle.js generate SourceMap
<s> [webpack.Progress] 92% sealing asset processing SourceMapDevToolPlugin 935.113eec21.iframe.bundle.js generated SourceMap
<s> [webpack.Progress] 92% sealing asset processing SourceMapDevToolPlugin 98.62581de8.iframe.bundle.js generate SourceMap
<s> [webpack.Progress] 92% sealing asset processing SourceMapDevToolPlugin 98.62581de8.iframe.bundle.js generated SourceMap
<s> [webpack.Progress] 92% sealing asset processing SourceMapDevToolPlugin 25.5a3c9d30.iframe.bundle.js generate SourceMap
<s> [webpack.Progress] 92% sealing asset processing SourceMapDevToolPlugin 25.5a3c9d30.iframe.bundle.js generated SourceMap
<s> [webpack.Progress] 92% sealing asset processing SourceMapDevToolPlugin resolve sources
<s> [webpack.Progress] 92% sealing asset processing SourceMapDevToolPlugin 25.5a3c9d30.iframe.bundle.js attach SourceMap
<s> [webpack.Progress] 92% sealing asset processing SourceMapDevToolPlugin 25.5a3c9d30.iframe.bundle.js attached SourceMap
<s> [webpack.Progress] 92% sealing asset processing SourceMapDevToolPlugin
<s> [webpack.Progress] 92% sealing asset processing SourceMapDevToolPlugin
<s> [webpack.Progress] 92% sealing asset processing SourceMapDevToolPlugin resolve sources
<s> [webpack.Progress] 92% sealing asset processing SourceMapDevToolPlugin
<s> [webpack.Progress] 92% sealing asset processing HtmlWebpackPlugin
<s> [webpack.Progress] 92% sealing asset processing HtmlWebpackPlugin
<s> [webpack.Progress] 92% sealing asset processing HtmlWebpackPlugin resolve sources
<s> [webpack.Progress] 92% sealing asset processing HtmlWebpackPlugin
<s> [webpack.Progress] 92% sealing asset processing RealContentHashPlugin
<s> [webpack.Progress] 92% sealing asset processing RealContentHashPlugin
<s> [webpack.Progress] 92% sealing asset processing RealContentHashPlugin main.a768a1a0.iframe.bundle.js generate SourceMap
<s> [webpack.Progress] 92% sealing asset processing RealContentHashPlugin main.a768a1a0.iframe.bundle.js generated SourceMap
<s> [webpack.Progress] 92% sealing asset processing RealContentHashPlugin runtime~main.ec5a4df4.iframe.bundle.js generate SourceMap
<s> [webpack.Progress] 92% sealing asset processing RealContentHashPlugin runtime~main.ec5a4df4.iframe.bundle.js generated SourceMap
<s> [webpack.Progress] 92% sealing asset processing RealContentHashPlugin 701.89d6f369.iframe.bundle.js generate SourceMap
<s> [webpack.Progress] 92% sealing asset processing RealContentHashPlugin 701.89d6f369.iframe.bundle.js generated SourceMap
<s> [webpack.Progress] 92% sealing asset processing RealContentHashPlugin 745.4375097c.iframe.bundle.js generate SourceMap
<s> [webpack.Progress] 92% sealing asset processing RealContentHashPlugin 745.4375097c.iframe.bundle.js generated SourceMap
<s> [webpack.Progress] 92% sealing asset processing RealContentHashPlugin 551.cd1d5fb1.iframe.bundle.js generate SourceMap
<s> [webpack.Progress] 92% sealing asset processing RealContentHashPlugin 551.cd1d5fb1.iframe.bundle.js generated SourceMap
<s> [webpack.Progress] 92% sealing asset processing RealContentHashPlugin 229.279d16c6.iframe.bundle.js generate SourceMap
<s> [webpack.Progress] 92% sealing asset processing RealContentHashPlugin 229.279d16c6.iframe.bundle.js generated SourceMap
<s> [webpack.Progress] 92% sealing asset processing RealContentHashPlugin 935.00f72d93.iframe.bundle.js generate SourceMap
<s> [webpack.Progress] 92% sealing asset processing RealContentHashPlugin 935.00f72d93.iframe.bundle.js generated SourceMap
<s> [webpack.Progress] 92% sealing asset processing RealContentHashPlugin 98.b87a6110.iframe.bundle.js generate SourceMap
<s> [webpack.Progress] 92% sealing asset processing RealContentHashPlugin 98.b87a6110.iframe.bundle.js generated SourceMap
<s> [webpack.Progress] 92% sealing asset processing RealContentHashPlugin 51.19d01128.iframe.bundle.js generate SourceMap
<s> [webpack.Progress] 92% sealing asset processing RealContentHashPlugin 51.19d01128.iframe.bundle.js generated SourceMap
<s> [webpack.Progress] 92% sealing asset processing RealContentHashPlugin 807.4d857d71.iframe.bundle.js generate SourceMap
<s> [webpack.Progress] 92% sealing asset processing RealContentHashPlugin 807.4d857d71.iframe.bundle.js generated SourceMap
<s> [webpack.Progress] 92% sealing asset processing RealContentHashPlugin 897.748da98f.iframe.bundle.js generate SourceMap
<s> [webpack.Progress] 92% sealing asset processing RealContentHashPlugin 897.748da98f.iframe.bundle.js generated SourceMap
<s> [webpack.Progress] 92% sealing asset processing RealContentHashPlugin resolve sources
<s> [webpack.Progress] 92% sealing asset processing RealContentHashPlugin
<s> [webpack.Progress] 92% sealing asset processing
<s> [webpack.Progress] 93% sealing after asset optimization
<s> [webpack.Progress] 93% sealing after asset optimization
<s> [webpack.Progress] 93% sealing recording
<s> [webpack.Progress] 93% sealing recording
<s> [webpack.Progress] 94% sealing after seal
<s> [webpack.Progress] 94% sealing after seal
<s> [webpack.Progress] 95% emitting emit
<s> [webpack.Progress] 95% emitting emit
<s> [webpack.Progress] 98% emitting after emit
<s> [webpack.Progress] 98% emitting after emit SizeLimitsPlugin
<s> [webpack.Progress] 98% emitting after emit
<s> [webpack.Progress] 99% done plugins
<s> [webpack.Progress] 99% done plugins CaseSensitivePathsPlugin
<s> [webpack.Progress] 99% done plugins
<s> [webpack.Progress] 99% 

<s> [webpack.Progress] 99% cache store build dependencies
<s> [webpack.Progress] 99% cache store build dependencies
<s> [webpack.Progress] 99% cache begin idle
<s> [webpack.Progress] 99% cache begin idle
<s> [webpack.Progress] 100% 

info => Preview built (2.55 min)
WARN export 'mdx' (imported as 'mdx') was not found in '@mdx-js/react' (possible exports: MDXContext, MDXProvider, useMDXComponents, withMDXComponents)
WARN export 'mdx' (imported as 'mdx') was not found in '@mdx-js/react' (possible exports: MDXContext, MDXProvider, useMDXComponents, withMDXComponents)
WARN export 'mdx' (imported as 'mdx') was not found in '@mdx-js/react' (possible exports: MDXContext, MDXProvider, useMDXComponents, withMDXComponents)
WARN export 'mdx' (imported as 'mdx') was not found in '@mdx-js/react' (possible exports: MDXContext, MDXProvider, useMDXComponents, withMDXComponents)
WARN export 'mdx' (imported as 'mdx') was not found in '@mdx-js/react' (possible exports: MDXContext, MDXProvider, useMDXComponents, withMDXComponents)
WARN export 'mdx' (imported as 'mdx') was not found in '@mdx-js/react' (possible exports: MDXContext, MDXProvider, useMDXComponents, withMDXComponents)
WARN export 'mdx' (imported as 'mdx') was not found in '@mdx-js/react' (possible exports: MDXContext, MDXProvider, useMDXComponents, withMDXComponents)
WARN export 'mdx' (imported as 'mdx') was not found in '@mdx-js/react' (possible exports: MDXContext, MDXProvider, useMDXComponents, withMDXComponents)
WARN export 'mdx' (imported as 'mdx') was not found in '@mdx-js/react' (possible exports: MDXContext, MDXProvider, useMDXComponents, withMDXComponents)
WARN export 'mdx' (imported as 'mdx') was not found in '@mdx-js/react' (possible exports: MDXContext, MDXProvider, useMDXComponents, withMDXComponents)
WARN export 'mdx' (imported as 'mdx') was not found in '@mdx-js/react' (possible exports: MDXContext, MDXProvider, useMDXComponents, withMDXComponents)
WARN export 'mdx' (imported as 'mdx') was not found in '@mdx-js/react' (possible exports: MDXContext, MDXProvider, useMDXComponents, withMDXComponents)
WARN export 'mdx' (imported as 'mdx') was not found in '@mdx-js/react' (possible exports: MDXContext, MDXProvider, useMDXComponents, withMDXComponents)
WARN export 'mdx' (imported as 'mdx') was not found in '@mdx-js/react' (possible exports: MDXContext, MDXProvider, useMDXComponents, withMDXComponents)
WARN export 'mdx' (imported as 'mdx') was not found in '@mdx-js/react' (possible exports: MDXContext, MDXProvider, useMDXComponents, withMDXComponents)
WARN export 'mdx' (imported as 'mdx') was not found in '@mdx-js/react' (possible exports: MDXContext, MDXProvider, useMDXComponents, withMDXComponents)
WARN export 'mdx' (imported as 'mdx') was not found in '@mdx-js/react' (possible exports: MDXContext, MDXProvider, useMDXComponents, withMDXComponents)
WARN export 'mdx' (imported as 'mdx') was not found in '@mdx-js/react' (possible exports: MDXContext, MDXProvider, useMDXComponents, withMDXComponents)
WARN export 'mdx' (imported as 'mdx') was not found in '@mdx-js/react' (possible exports: MDXContext, MDXProvider, useMDXComponents, withMDXComponents)
WARN export 'mdx' (imported as 'mdx') was not found in '@mdx-js/react' (possible exports: MDXContext, MDXProvider, useMDXComponents, withMDXComponents)
WARN export 'mdx' (imported as 'mdx') was not found in '@mdx-js/react' (possible exports: MDXContext, MDXProvider, useMDXComponents, withMDXComponents)
WARN export 'mdx' (imported as 'mdx') was not found in '@mdx-js/react' (possible exports: MDXContext, MDXProvider, useMDXComponents, withMDXComponents)
WARN export 'mdx' (imported as 'mdx') was not found in '@mdx-js/react' (possible exports: MDXContext, MDXProvider, useMDXComponents, withMDXComponents)
WARN export 'mdx' (imported as 'mdx') was not found in '@mdx-js/react' (possible exports: MDXContext, MDXProvider, useMDXComponents, withMDXComponents)
WARN export 'mdx' (imported as 'mdx') was not found in '@mdx-js/react' (possible exports: MDXContext, MDXProvider, useMDXComponents, withMDXComponents)
WARN export 'mdx' (imported as 'mdx') was not found in '@mdx-js/react' (possible exports: MDXContext, MDXProvider, useMDXComponents, withMDXComponents)
WARN export 'mdx' (imported as 'mdx') was not found in '@mdx-js/react' (possible exports: MDXContext, MDXProvider, useMDXComponents, withMDXComponents)
WARN export 'mdx' (imported as 'mdx') was not found in '@mdx-js/react' (possible exports: MDXContext, MDXProvider, useMDXComponents, withMDXComponents)
WARN export 'mdx' (imported as 'mdx') was not found in '@mdx-js/react' (possible exports: MDXContext, MDXProvider, useMDXComponents, withMDXComponents)
WARN export 'mdx' (imported as 'mdx') was not found in '@mdx-js/react' (possible exports: MDXContext, MDXProvider, useMDXComponents, withMDXComponents)
WARN export 'mdx' (imported as 'mdx') was not found in '@mdx-js/react' (possible exports: MDXContext, MDXProvider, useMDXComponents, withMDXComponents)
WARN export 'mdx' (imported as 'mdx') was not found in '@mdx-js/react' (possible exports: MDXContext, MDXProvider, useMDXComponents, withMDXComponents)
WARN export 'mdx' (imported as 'mdx') was not found in '@mdx-js/react' (possible exports: MDXContext, MDXProvider, useMDXComponents, withMDXComponents)
WARN export 'mdx' (imported as 'mdx') was not found in '@mdx-js/react' (possible exports: MDXContext, MDXProvider, useMDXComponents, withMDXComponents)
WARN export 'mdx' (imported as 'mdx') was not found in '@mdx-js/react' (possible exports: MDXContext, MDXProvider, useMDXComponents, withMDXComponents)
WARN export 'mdx' (imported as 'mdx') was not found in '@mdx-js/react' (possible exports: MDXContext, MDXProvider, useMDXComponents, withMDXComponents)
WARN export 'mdx' (imported as 'mdx') was not found in '@mdx-js/react' (possible exports: MDXContext, MDXProvider, useMDXComponents, withMDXComponents)
WARN export 'mdx' (imported as 'mdx') was not found in '@mdx-js/react' (possible exports: MDXContext, MDXProvider, useMDXComponents, withMDXComponents)
WARN export 'mdx' (imported as 'mdx') was not found in '@mdx-js/react' (possible exports: MDXContext, MDXProvider, useMDXComponents, withMDXComponents)
WARN export 'mdx' (imported as 'mdx') was not found in '@mdx-js/react' (possible exports: MDXContext, MDXProvider, useMDXComponents, withMDXComponents)
WARN export 'mdx' (imported as 'mdx') was not found in '@mdx-js/react' (possible exports: MDXContext, MDXProvider, useMDXComponents, withMDXComponents)
WARN export 'mdx' (imported as 'mdx') was not found in '@mdx-js/react' (possible exports: MDXContext, MDXProvider, useMDXComponents, withMDXComponents)
WARN export 'mdx' (imported as 'mdx') was not found in '@mdx-js/react' (possible exports: MDXContext, MDXProvider, useMDXComponents, withMDXComponents)
WARN export 'mdx' (imported as 'mdx') was not found in '@mdx-js/react' (possible exports: MDXContext, MDXProvider, useMDXComponents, withMDXComponents)
WARN export 'mdx' (imported as 'mdx') was not found in '@mdx-js/react' (possible exports: MDXContext, MDXProvider, useMDXComponents, withMDXComponents)
WARN export 'mdx' (imported as 'mdx') was not found in '@mdx-js/react' (possible exports: MDXContext, MDXProvider, useMDXComponents, withMDXComponents)
WARN export 'mdx' (imported as 'mdx') was not found in '@mdx-js/react' (possible exports: MDXContext, MDXProvider, useMDXComponents, withMDXComponents)
WARN export 'mdx' (imported as 'mdx') was not found in '@mdx-js/react' (possible exports: MDXContext, MDXProvider, useMDXComponents, withMDXComponents)
WARN export 'mdx' (imported as 'mdx') was not found in '@mdx-js/react' (possible exports: MDXContext, MDXProvider, useMDXComponents, withMDXComponents)
WARN export 'mdx' (imported as 'mdx') was not found in '@mdx-js/react' (possible exports: MDXContext, MDXProvider, useMDXComponents, withMDXComponents)
WARN export 'mdx' (imported as 'mdx') was not found in '@mdx-js/react' (possible exports: MDXContext, MDXProvider, useMDXComponents, withMDXComponents)
WARN asset size limit: The following asset(s) exceed the recommended size limit (244 KiB).
WARN This can impact web performance.
WARN Assets: 
WARN   main.a768a1a0.iframe.bundle.js (1.09 MiB)
WARN   807.4d857d71.iframe.bundle.js (792 KiB)
WARN   25.61602dab.iframe.bundle.js (3.17 MiB)
WARN entrypoint size limit: The following entrypoint(s) combined asset size exceeds the recommended limit (244 KiB). This can impact web performance.
WARN Entrypoints:
WARN   main (4.27 MiB)
WARN       runtime~main.ec5a4df4.iframe.bundle.js
WARN       25.61602dab.iframe.bundle.js
WARN       main.a768a1a0.iframe.bundle.js
WARN 
<s> [webpack.Progress] 99% cache shutdown
<s> [webpack.Progress] 99% cache shutdown
<s> [webpack.Progress] 100% 

info => Output directory: C:\Users\lucas\AppData\Local\Temp\chromatic--23280-dEv6YTJJj2GM
